0 info it worked if it ends with ok
1 verbose cli [ 'node', '/usr/local/bin/npm', 'install', 'nodemon', '-g' ]
2 info using npm@1.4.14
3 info using node@v0.10.29
4 verbose cache add [ 'nodemon', null ]
5 verbose cache add name=undefined spec="nodemon" args=["nodemon",null]
6 verbose parsed url { protocol: null,
6 verbose parsed url   slashes: null,
6 verbose parsed url   auth: null,
6 verbose parsed url   host: null,
6 verbose parsed url   port: null,
6 verbose parsed url   hostname: null,
6 verbose parsed url   hash: null,
6 verbose parsed url   search: null,
6 verbose parsed url   query: null,
6 verbose parsed url   pathname: 'nodemon',
6 verbose parsed url   path: 'nodemon',
6 verbose parsed url   href: 'nodemon' }
7 silly lockFile 1625b929-nodemon nodemon
8 verbose lock nodemon /Users/RidgeOutdoor/.npm/1625b929-nodemon.lock
9 silly lockFile 1625b929-nodemon nodemon
10 silly lockFile 1625b929-nodemon nodemon
11 verbose addNamed [ 'nodemon', '' ]
12 verbose addNamed [ null, '*' ]
13 silly lockFile 4f5e51c6-nodemon nodemon@
14 verbose lock nodemon@ /Users/RidgeOutdoor/.npm/4f5e51c6-nodemon.lock
15 silly addNameRange { name: 'nodemon', range: '*', hasData: false }
16 verbose url raw nodemon
17 verbose url resolving [ 'https://registry.npmjs.org/', './nodemon' ]
18 verbose url resolved https://registry.npmjs.org/nodemon
19 info trying registry request attempt 1 at 12:51:59
20 http GET https://registry.npmjs.org/nodemon
21 http 200 https://registry.npmjs.org/nodemon
22 silly registry.get cb [ 200,
22 silly registry.get   { date: 'Fri, 06 Mar 2015 11:51:59 GMT',
22 silly registry.get     server: 'CouchDB/1.5.0 (Erlang OTP/R16B03)',
22 silly registry.get     etag: '"12NHVD59C3I32MQUNPB21SF7N"',
22 silly registry.get     'content-type': 'application/json',
22 silly registry.get     'cache-control': 'max-age=60',
22 silly registry.get     'content-length': '147315',
22 silly registry.get     'accept-ranges': 'bytes',
22 silly registry.get     via: '1.1 varnish',
22 silly registry.get     age: '0',
22 silly registry.get     'x-served-by': 'cache-fra1244-FRA',
22 silly registry.get     'x-cache': 'HIT',
22 silly registry.get     'x-cache-hits': '1',
22 silly registry.get     'x-timer': 'S1425642719.362631,VS0,VE101',
22 silly registry.get     vary: 'Accept',
22 silly registry.get     'keep-alive': 'timeout=10, max=50',
22 silly registry.get     connection: 'Keep-Alive' } ]
23 silly addNameRange number 2 { name: 'nodemon', range: '*', hasData: true }
24 silly addNameRange versions [ 'nodemon',
24 silly addNameRange   [ '0.1.4',
24 silly addNameRange     '0.1.5',
24 silly addNameRange     '0.1.6',
24 silly addNameRange     '0.1.7',
24 silly addNameRange     '0.1.8',
24 silly addNameRange     '0.2.0',
24 silly addNameRange     '0.2.1',
24 silly addNameRange     '0.2.2',
24 silly addNameRange     '0.3.0',
24 silly addNameRange     '0.3.1',
24 silly addNameRange     '0.3.2',
24 silly addNameRange     '0.4.0',
24 silly addNameRange     '0.4.1',
24 silly addNameRange     '0.5.0',
24 silly addNameRange     '0.5.1',
24 silly addNameRange     '0.5.2',
24 silly addNameRange     '0.5.3',
24 silly addNameRange     '0.5.4',
24 silly addNameRange     '0.5.5',
24 silly addNameRange     '0.5.6',
24 silly addNameRange     '0.5.7',
24 silly addNameRange     '0.6.0',
24 silly addNameRange     '0.6.1',
24 silly addNameRange     '0.6.2',
24 silly addNameRange     '0.6.3',
24 silly addNameRange     '0.6.4',
24 silly addNameRange     '0.6.5',
24 silly addNameRange     '0.6.6',
24 silly addNameRange     '0.6.7',
24 silly addNameRange     '0.6.8',
24 silly addNameRange     '0.6.9',
24 silly addNameRange     '0.6.10',
24 silly addNameRange     '0.6.11',
24 silly addNameRange     '0.6.12',
24 silly addNameRange     '0.6.13',
24 silly addNameRange     '0.6.14',
24 silly addNameRange     '0.6.15',
24 silly addNameRange     '0.6.16',
24 silly addNameRange     '0.6.17',
24 silly addNameRange     '0.6.18',
24 silly addNameRange     '0.6.19',
24 silly addNameRange     '0.6.20',
24 silly addNameRange     '0.6.21',
24 silly addNameRange     '0.6.22',
24 silly addNameRange     '0.6.23',
24 silly addNameRange     '0.7.0',
24 silly addNameRange     '0.7.1',
24 silly addNameRange     '0.7.2',
24 silly addNameRange     '0.7.3',
24 silly addNameRange     '0.7.4',
24 silly addNameRange     '0.7.5',
24 silly addNameRange     '0.7.6',
24 silly addNameRange     '0.7.7',
24 silly addNameRange     '0.7.8',
24 silly addNameRange     '0.7.10',
24 silly addNameRange     '0.9.0',
24 silly addNameRange     '0.9.1',
24 silly addNameRange     '0.9.2',
24 silly addNameRange     '0.9.3',
24 silly addNameRange     '0.9.5',
24 silly addNameRange     '0.9.6',
24 silly addNameRange     '0.9.7',
24 silly addNameRange     '0.9.10',
24 silly addNameRange     '0.9.11',
24 silly addNameRange     '0.9.12',
24 silly addNameRange     '0.9.14',
24 silly addNameRange     '0.9.16',
24 silly addNameRange     '0.9.17',
24 silly addNameRange     '1.0.0',
24 silly addNameRange     '1.0.1',
24 silly addNameRange     '1.0.2',
24 silly addNameRange     '1.0.2-rc',
24 silly addNameRange     '0.6.10-a',
24 silly addNameRange     '1.0.2-rc3',
24 silly addNameRange     '1.0.2-rc4',
24 silly addNameRange     '1.0.3',
24 silly addNameRange     '1.0.4',
24 silly addNameRange     '1.0.5',
24 silly addNameRange     '1.0.6',
24 silly addNameRange     '1.0.7',
24 silly addNameRange     '1.0.8',
24 silly addNameRange     '1.0.9',
24 silly addNameRange     '1.0.10',
24 silly addNameRange     '1.0.11',
24 silly addNameRange     '1.0.12',
24 silly addNameRange     '1.0.13',
24 silly addNameRange     '1.0.14',
24 silly addNameRange     '1.0.15',
24 silly addNameRange     '1.0.16',
24 silly addNameRange     '1.0.17-rc1',
24 silly addNameRange     '1.0.17-rc2',
24 silly addNameRange     '1.0.17',
24 silly addNameRange     '1.0.18',
24 silly addNameRange     '1.0.19',
24 silly addNameRange     '1.0.20',
24 silly addNameRange     '1.1.0-alpha',
24 silly addNameRange     '1.1.0',
24 silly addNameRange     '1.1.1',
24 silly addNameRange     '1.2.0',
24 silly addNameRange     '1.2.1',
24 silly addNameRange     '1.3.0-0',
24 silly addNameRange     '1.3.0-1',
24 silly addNameRange     '1.3.0-2',
24 silly addNameRange     '1.3.0-3',
24 silly addNameRange     '1.3.0-4',
24 silly addNameRange     '1.3.0-5',
24 silly addNameRange     '1.3.0-6',
24 silly addNameRange     '1.3.0-7',
24 silly addNameRange     '1.3.0',
24 silly addNameRange     '1.3.1',
24 silly addNameRange     '1.3.2',
24 silly addNameRange     '1.3.3',
24 silly addNameRange     '1.3.5',
24 silly addNameRange     '1.3.6',
24 silly addNameRange     '1.3.7' ] ]
25 verbose addNamed [ 'nodemon', '1.3.7' ]
26 verbose addNamed [ '1.3.7', '1.3.7' ]
27 silly lockFile fec6bbf0-nodemon-1-3-7 nodemon@1.3.7
28 verbose lock nodemon@1.3.7 /Users/RidgeOutdoor/.npm/fec6bbf0-nodemon-1-3-7.lock
29 silly lockFile bcea1563-js-org-nodemon-nodemon-1-3-7-tgz https://registry.npmjs.org/nodemon/-/nodemon-1.3.7.tgz
30 verbose lock https://registry.npmjs.org/nodemon/-/nodemon-1.3.7.tgz /Users/RidgeOutdoor/.npm/bcea1563-js-org-nodemon-nodemon-1-3-7-tgz.lock
31 verbose addRemoteTarball [ 'https://registry.npmjs.org/nodemon/-/nodemon-1.3.7.tgz',
31 verbose addRemoteTarball   '447bc2e01bf499cbf5853f9937496e0a04835449' ]
32 info retry fetch attempt 1 at 12:51:59
33 verbose fetch to= /var/folders/dh/l6741jvs20q7b_qvw3d6ql480000gn/T/npm-5038-pQSKO-d2/registry.npmjs.org/nodemon/-/nodemon-1.3.7.tgz
34 http GET https://registry.npmjs.org/nodemon/-/nodemon-1.3.7.tgz
35 http 200 https://registry.npmjs.org/nodemon/-/nodemon-1.3.7.tgz
36 silly lockFile bcea1563-js-org-nodemon-nodemon-1-3-7-tgz https://registry.npmjs.org/nodemon/-/nodemon-1.3.7.tgz
37 silly lockFile bcea1563-js-org-nodemon-nodemon-1-3-7-tgz https://registry.npmjs.org/nodemon/-/nodemon-1.3.7.tgz
38 silly lockFile fec6bbf0-nodemon-1-3-7 nodemon@1.3.7
39 silly lockFile fec6bbf0-nodemon-1-3-7 nodemon@1.3.7
40 silly lockFile 4f5e51c6-nodemon nodemon@
41 silly lockFile 4f5e51c6-nodemon nodemon@
42 silly resolved [ { name: 'nodemon',
42 silly resolved     homepage: 'http://nodemon.io',
42 silly resolved     author: { name: 'Remy Sharp', url: 'http://github.com/remy' },
42 silly resolved     bin: { nodemon: './bin/nodemon.js' },
42 silly resolved     engines: { node: '>=0.8' },
42 silly resolved     repository: { type: 'git', url: 'http://github.com/remy/nodemon.git' },
42 silly resolved     description: 'Simple monitor script for use during development of a node.js app.',
42 silly resolved     keywords:
42 silly resolved      [ 'monitor',
42 silly resolved        'development',
42 silly resolved        'restart',
42 silly resolved        'autoload',
42 silly resolved        'reload',
42 silly resolved        'terminal' ],
42 silly resolved     version: '1.3.7',
42 silly resolved     preferGlobal: 'true',
42 silly resolved     licenses: [ [Object] ],
42 silly resolved     main: './lib/nodemon',
42 silly resolved     scripts:
42 silly resolved      { coverage: 'istanbul cover _mocha -- --timeout 30000 --ui bdd --reporter list test/**/*.test.js',
42 silly resolved        ':test': 'mocha --timeout 30000 --ui bdd test/**/*.test.js',
42 silly resolved        test: 'for FILE in test/**/*.test.js; do echo $FILE; ./node_modules/.bin/mocha --timeout 30000 $FILE; if [ $? -ne 0 ]; then exit 1; fi; sleep 1; done',
42 silly resolved        web: 'node web' },
42 silly resolved     devDependencies:
42 silly resolved      { 'coffee-script': '~1.7.1',
42 silly resolved        connect: '~2.19.1',
42 silly resolved        istanbul: '~0.2.10',
42 silly resolved        mocha: '^2.0.1',
42 silly resolved        should: '~4.0.0' },
42 silly resolved     dependencies:
42 silly resolved      { minimatch: '~0.3.0',
42 silly resolved        'ps-tree': '~0.0.3',
42 silly resolved        touch: '~0.0.3',
42 silly resolved        'update-notifier': '^0.3.0' },
42 silly resolved     gitHead: 'ceb53ce403f7b5a39ba4c133f73fe780e472209e',
42 silly resolved     bugs: { url: 'https://github.com/remy/nodemon/issues' },
42 silly resolved     _id: 'nodemon@1.3.7',
42 silly resolved     _shasum: '447bc2e01bf499cbf5853f9937496e0a04835449',
42 silly resolved     _from: 'nodemon@',
42 silly resolved     _npmVersion: '1.4.28',
42 silly resolved     _npmUser: { name: 'remy', email: 'remy@remysharp.com' },
42 silly resolved     maintainers: [ [Object] ],
42 silly resolved     dist:
42 silly resolved      { shasum: '447bc2e01bf499cbf5853f9937496e0a04835449',
42 silly resolved        tarball: 'http://registry.npmjs.org/nodemon/-/nodemon-1.3.7.tgz' },
42 silly resolved     directories: {},
42 silly resolved     _resolved: 'https://registry.npmjs.org/nodemon/-/nodemon-1.3.7.tgz' } ]
43 info install nodemon@1.3.7 into /usr/local/lib
44 info installOne nodemon@1.3.7
45 info /usr/local/lib/node_modules/nodemon unbuild
46 verbose tar unpack /Users/RidgeOutdoor/.npm/nodemon/1.3.7/package.tgz
47 silly lockFile 15c6d46c-r-local-lib-node-modules-nodemon tar:///usr/local/lib/node_modules/nodemon
48 verbose lock tar:///usr/local/lib/node_modules/nodemon /Users/RidgeOutdoor/.npm/15c6d46c-r-local-lib-node-modules-nodemon.lock
49 silly lockFile 1363c992-or-npm-nodemon-1-3-7-package-tgz tar:///Users/RidgeOutdoor/.npm/nodemon/1.3.7/package.tgz
50 verbose lock tar:///Users/RidgeOutdoor/.npm/nodemon/1.3.7/package.tgz /Users/RidgeOutdoor/.npm/1363c992-or-npm-nodemon-1-3-7-package-tgz.lock
51 silly gunzTarPerm modes [ '755', '644' ]
52 error Error: EACCES, mkdir '/usr/local/lib/node_modules/nodemon'
52 error  { [Error: EACCES, mkdir '/usr/local/lib/node_modules/nodemon']
52 error   errno: 3,
52 error   code: 'EACCES',
52 error   path: '/usr/local/lib/node_modules/nodemon',
52 error   fstream_type: 'Directory',
52 error   fstream_path: '/usr/local/lib/node_modules/nodemon',
52 error   fstream_class: 'DirWriter',
52 error   fstream_stack:
52 error    [ '/usr/local/lib/node_modules/npm/node_modules/fstream/lib/dir-writer.js:36:23',
52 error      '/usr/local/lib/node_modules/npm/node_modules/mkdirp/index.js:37:53',
52 error      'Object.oncomplete (fs.js:107:15)' ] }
53 error Please try running this command again as root/Administrator.
54 error System Darwin 14.1.0
55 error command "node" "/usr/local/bin/npm" "install" "nodemon" "-g"
56 error cwd /Users/RidgeOutdoor/PhpstormProjects/AndreasMEAN
57 error node -v v0.10.29
58 error npm -v 1.4.14
59 error path /usr/local/lib/node_modules/nodemon
60 error fstream_path /usr/local/lib/node_modules/nodemon
61 error fstream_type Directory
62 error fstream_class DirWriter
63 error code EACCES
64 error errno 3
65 error stack Error: EACCES, mkdir '/usr/local/lib/node_modules/nodemon'
66 error fstream_stack /usr/local/lib/node_modules/npm/node_modules/fstream/lib/dir-writer.js:36:23
66 error fstream_stack /usr/local/lib/node_modules/npm/node_modules/mkdirp/index.js:37:53
66 error fstream_stack Object.oncomplete (fs.js:107:15)
67 verbose exit [ 3, true ]
